<?xml version="1.0" encoding="UTF-8"?>
<testsuite name="com.kodilla.testing2.crudapp.CrudAppTestSuite" tests="1" skipped="0" failures="0" errors="0" timestamp="2020-12-14T11:12:12" hostname="ADMIN-NTT" time="31.748">
  <properties/>
  <testcase name="shouldCreateTrelloCart" classname="com.kodilla.testing2.crudapp.CrudAppTestSuite" time="31.748"/>
  <system-out><![CDATA[]]></system-out>
  <system-err><![CDATA[Starting ChromeDriver 87.0.4280.88 (89e2380a3e36c3464b5dd1302349b1382549290d-refs/branch-heads/4280@{#1761}) on port 19179
Only local connections are allowed.
Please see https://chromedriver.chromium.org/security-considerations for suggestions on keeping ChromeDriver safe.
ChromeDriver was started successfully.
gru 14, 2020 12:12:15 PM org.openqa.selenium.remote.ProtocolHandshake createSession
INFO: Detected dialect: W3C
]]></system-err>
</testsuite>
